0 info it worked if it ends with ok
1 verbose cli [ 'C:\\Program Files\\nodejs\\node.exe',
1 verbose cli   'C:\\Users\\stushar\\AppData\\Roaming\\npm\\node_modules\\npm\\bin\\npm-cli.js',
1 verbose cli   'start' ]
2 info using npm@4.1.2
3 info using node@v6.11.3
4 verbose run-script [ 'prestart', 'start', 'poststart' ]
5 info lifecycle ng-website-framework@1.0.0~prestart: ng-website-framework@1.0.0
6 silly lifecycle ng-website-framework@1.0.0~prestart: no script for prestart, continuing
7 info lifecycle ng-website-framework@1.0.0~start: ng-website-framework@1.0.0
8 verbose lifecycle ng-website-framework@1.0.0~start: unsafe-perm in lifecycle true
9 verbose lifecycle ng-website-framework@1.0.0~start: PATH: C:\Users\stushar\AppData\Roaming\npm\node_modules\npm\bin\node-gyp-bin;D:\MeTRIX\MeTRIX_Next Gen UI\node_modules\.bin;C:\ProgramData\Oracle\Java\javapath;C:\oraclexe\app\oracle\product\11.2.0\server\bin;C:\Program Files (x86)\Intel\iCLS Client\;C:\Program Files\Intel\iCLS Client\;C:\Windows\system32;C:\Windows;C:\Windows\System32\Wbem;C:\Windows\System32\WindowsPowerShell\v1.0\;C:\Program Files\Intel\Intel(R) Management Engine Components\DAL;C:\Program Files\Intel\Intel(R) Management Engine Components\IPT;C:\Program Files (x86)\Intel\Intel(R) Management Engine Components\DAL;C:\Program Files (x86)\Intel\Intel(R) Management Engine Components\IPT;C:\Program Files\TortoiseSVN\bin;C:\Windows\system32\config\systemprofile\.dnx\bin;C:\Program Files\Microsoft DNX\Dnvm\;C:\Program Files (x86)\Windows Kits\8.1\Windows Performance Toolkit\;C:\Program Files\Microsoft SQL Server\130\Tools\Binn\;C:\Program Files (x86)\Microsoft Emulator Manager\1.0\;C:\Program Files (x86)\Brackets\command;C:\Program Files\Java\jdk1.8.0_73\bin;C:\Program Files\apache-maven-3.5.0\bin;C:\Program Files\Git\cmd;C:\Program Files (x86)\Skype\Phone\;C:\Program Files\nodejs\;C:\Ruby23\bin;C:\Ruby23-x64\bin;C:\Users\stushar\AppData\Roaming\npm;C:\Users\stushar\AppData\Local\atom\bin
10 verbose lifecycle ng-website-framework@1.0.0~start: CWD: D:\MeTRIX\MeTRIX_Next Gen UI
11 silly lifecycle ng-website-framework@1.0.0~start: Args: [ '/d /s /c', 'tsc && concurrently "tsc -w" "lite-server" ' ]
12 silly lifecycle ng-website-framework@1.0.0~start: Returned: code: 3221225786  signal: null
13 info lifecycle ng-website-framework@1.0.0~start: Failed to exec start script
14 verbose stack Error: ng-website-framework@1.0.0 start: `tsc && concurrently "tsc -w" "lite-server" `
14 verbose stack Exit status 3221225786
14 verbose stack     at EventEmitter.<anonymous> (C:\Users\stushar\AppData\Roaming\npm\node_modules\npm\lib\utils\lifecycle.js:279:16)
14 verbose stack     at emitTwo (events.js:106:13)
14 verbose stack     at EventEmitter.emit (events.js:191:7)
14 verbose stack     at ChildProcess.<anonymous> (C:\Users\stushar\AppData\Roaming\npm\node_modules\npm\lib\utils\spawn.js:40:14)
14 verbose stack     at emitTwo (events.js:106:13)
14 verbose stack     at ChildProcess.emit (events.js:191:7)
14 verbose stack     at maybeClose (internal/child_process.js:920:16)
14 verbose stack     at Process.ChildProcess._handle.onexit (internal/child_process.js:230:5)
15 verbose pkgid ng-website-framework@1.0.0
16 verbose cwd D:\MeTRIX\MeTRIX_Next Gen UI\public-app
17 error Windows_NT 6.3.9600
18 error argv "C:\\Program Files\\nodejs\\node.exe" "C:\\Users\\stushar\\AppData\\Roaming\\npm\\node_modules\\npm\\bin\\npm-cli.js" "start"
19 error node v6.11.3
20 error npm  v4.1.2
21 error code ELIFECYCLE
22 error ng-website-framework@1.0.0 start: `tsc && concurrently "tsc -w" "lite-server" `
22 error Exit status 3221225786
23 error Failed at the ng-website-framework@1.0.0 start script 'tsc && concurrently "tsc -w" "lite-server" '.
23 error Make sure you have the latest version of node.js and npm installed.
23 error If you do, this is most likely a problem with the ng-website-framework package,
23 error not with npm itself.
23 error Tell the author that this fails on your system:
23 error     tsc && concurrently "tsc -w" "lite-server"
23 error You can get information on how to open an issue for this project with:
23 error     npm bugs ng-website-framework
23 error Or if that isn't available, you can get their info via:
23 error     npm owner ls ng-website-framework
23 error There is likely additional logging output above.
24 verbose exit [ 1, true ]
